D:\cppwork\InformationRetrieval\Debug\cl.command.1.tlog
D:\cppwork\InformationRetrieval\Debug\CL.read.1.tlog
D:\cppwork\InformationRetrieval\Debug\CL.write.1.tlog
D:\CPPWORK\INFORMATIONRETRIEVAL\DEBUG\INFORMATIONRETRIEVAL.EXE
D:\cppwork\InformationRetrieval\Debug\InformationRetrieval.exe.embed.manifest
D:\CPPWORK\INFORMATIONRETRIEVAL\DEBUG\INFORMATIONRETRIEVAL.EXE.EMBED.MANIFEST.RES
D:\CPPWORK\INFORMATIONRETRIEVAL\DEBUG\INFORMATIONRETRIEVAL.ILK
D:\CPPWORK\INFORMATIONRETRIEVAL\DEBUG\INFORMATIONRETRIEVAL.PDB
D:\cppwork\InformationRetrieval\Debug\InformationRetrieval.vcxprojResolveAssemblyReference.cache
D:\cppwork\InformationRetrieval\Debug\InformationRetrieval.write.1.tlog
D:\cppwork\InformationRetrieval\Debug\InformationRetrieval_manifest.rc
D:\cppwork\InformationRetrieval\Debug\link.1032.read.1.tlog
D:\cppwork\InformationRetrieval\Debug\link.1032.write.1.tlog
D:\cppwork\InformationRetrieval\Debug\link.1036.read.1.tlog
D:\cppwork\InformationRetrieval\Debug\link.1036.write.1.tlog
D:\cppwork\InformationRetrieval\Debug\link.1432.read.1.tlog
D:\cppwork\InformationRetrieval\Debug\link.1432.write.1.tlog
D:\cppwork\InformationRetrieval\Debug\link.1800.read.1.tlog
D:\cppwork\InformationRetrieval\Debug\link.1800.write.1.tlog
D:\cppwork\InformationRetrieval\Debug\link.3008.read.1.tlog
D:\cppwork\InformationRetrieval\Debug\link.3008.write.1.tlog
D:\cppwork\InformationRetrieval\Debug\link.320.read.1.tlog
D:\cppwork\InformationRetrieval\Debug\link.320.write.1.tlog
D:\cppwork\InformationRetrieval\Debug\link.3468.read.1.tlog
D:\cppwork\InformationRetrieval\Debug\link.3468.write.1.tlog
D:\cppwork\InformationRetrieval\Debug\link.3920.read.1.tlog
D:\cppwork\InformationRetrieval\Debug\link.3920.write.1.tlog
D:\cppwork\InformationRetrieval\Debug\link.4796.read.1.tlog
D:\cppwork\InformationRetrieval\Debug\link.4796.write.1.tlog
D:\cppwork\InformationRetrieval\Debug\link.5812.read.1.tlog
D:\cppwork\InformationRetrieval\Debug\link.5812.write.1.tlog
D:\cppwork\InformationRetrieval\Debug\link.command.1.tlog
D:\cppwork\InformationRetrieval\Debug\link.read.1.tlog
D:\cppwork\InformationRetrieval\Debug\link.write.1.tlog
D:\CPPWORK\INFORMATIONRETRIEVAL\DEBUG\MAIN.OBJ
D:\cppwork\InformationRetrieval\Debug\rc.command.1.tlog
D:\cppwork\InformationRetrieval\Debug\rc.read.1.tlog
D:\cppwork\InformationRetrieval\Debug\rc.write.1.tlog
D:\cppwork\InformationRetrieval\Debug\vc100.idb
D:\CPPWORK\INFORMATIONRETRIEVAL\DEBUG\VC100.PDB
